#
# A fatal error has been detected by the Java Runtime Environment:
#
#  EXCEPTION_ACCESS_VIOLATION (0xc0000005) at pc=0x00007ffeff1e825f, pid=1616, tid=15768
#
# JRE version: Java(TM) SE Runtime Environment (9.0+11) (build 9.0.4+11)
# Java VM: Java HotSpot(TM) 64-Bit Server VM (9.0.4+11, mixed mode, tiered, compressed oops, g1 gc, windows-amd64)
# Problematic frame:
# C  [librdi_simdata.dll+0x5825f]
#
# No core dump will be written. Minidumps are not enabled by default on client versions of Windows
#
# If you would like to submit a bug report, please visit:
#   http://bugreport.java.com/bugreport/crash.jsp
# The crash happened outside the Java Virtual Machine in native code.
# See problematic frame for where to report the bug.
#

---------------  S U M M A R Y ------------

Command Line: -Dsun.java2d.pmoffscreen=false -Dsun.java2d.xrender=false -Dsun.java2d.d3d=false -Dsun.awt.nopixfmt=true -Dsun.java2d.dpiaware=true -Dsun.java2d.uiScale.enabled=false -Xverify:none -Dswing.aatext=true -XX:-UsePerfData -Djdk.map.althashing.threshold=512 -XX:StringTableSize=4072 --add-opens=java.base/java.nio=ALL-UNNAMED --add-opens=java.desktop/sun.swing=ALL-UNNAMED --add-opens=java.desktop/javax.swing=ALL-UNNAMED --add-opens=java.desktop/javax.swing.tree=ALL-UNNAMED --add-opens=java.desktop/javax.swing.plaf.basic=ALL-UNNAMED --add-opens=java.desktop/javax.swing.plaf.synth=ALL-UNNAMED --add-opens=java.desktop/com.sun.awt=ALL-UNNAMED -XX:NewSize=60m -XX:MaxNewSize=60m -Xms128m -Xmx3072m -Xss5m 

Host: 11th Gen Intel(R) Core(TM) i5-1135G7 @ 2.40GHz, 8 cores, 7G,  Windows 10 , 64 bit Build 19041 (10.0.19041.928)
Time: Thu Apr 22 19:10:54 2021 India Standard Time elapsed time: 5638 seconds (0d 1h 33m 58s)

---------------  T H R E A D  ---------------

Current thread (0x000001ec17c0e000):  JavaThread "AWT-EventQueue-1" [_thread_in_native, id=15768, stack(0x0000001e65400000,0x0000001e65900000)]

Stack: [0x0000001e65400000,0x0000001e65900000],  sp=0x0000001e658fab60,  free space=5098k
Native frames: (J=compiled Java code, j=interpreted, Vv=VM code, C=native code)

Java frames: (J=compiled Java code, j=interpreted, Vv=VM code)
J 17319  ui.views.simulator.executive.simulationi.SimulationExecutive_getCodeTooltipValue(JLjava/lang/String;IZ)Ljava/lang/String; (0 bytes) @ 0x000001ec08a5ec3f [0x000001ec08a5ebe0+0x000000000000005f]
J 24111 c2 ui.views.O.d.mouseMoved(Ljava/awt/event/MouseEvent;)V (13 bytes) @ 0x000001ec092841d0 [0x000001ec09283e00+0x00000000000003d0]
J 16316 c2 java.awt.AWTEventMulticaster.mouseMoved(Ljava/awt/event/MouseEvent;)V java.desktop@9.0.4 (27 bytes) @ 0x000001ec08288bf4 [0x000001ec08288b40+0x00000000000000b4]
J 20370 c2 javax.swing.JComponent.processMouseMotionEvent(Ljava/awt/event/MouseEvent;)V java.desktop@9.0.4 (46 bytes) @ 0x000001ec087c9d40 [0x000001ec087c9c60+0x00000000000000e0]
J 21464 c2 java.awt.Container.processEvent(Ljava/awt/AWTEvent;)V java.desktop@9.0.4 (22 bytes) @ 0x000001ec08684dc4 [0x000001ec08684c40+0x0000000000000184]
J 23607 c2 java.awt.Component.dispatchEventImpl(Ljava/awt/AWTEvent;)V java.desktop@9.0.4 (739 bytes) @ 0x000001ec091adae4 [0x000001ec091acc40+0x0000000000000ea4]
J 23724 c2 java.awt.Container.dispatchEventImpl(Ljava/awt/AWTEvent;)V java.desktop@9.0.4 (129 bytes) @ 0x000001ec08ff5a50 [0x000001ec08ff4f80+0x0000000000000ad0]
J 13038 c2 java.awt.LightweightDispatcher.retargetMouseEvent(Ljava/awt/Component;ILjava/awt/event/MouseEvent;)V java.desktop@9.0.4 (350 bytes) @ 0x000001ec0810f00c [0x000001ec0810ea60+0x00000000000005ac]
J 23724 c2 java.awt.Container.dispatchEventImpl(Ljava/awt/AWTEvent;)V java.desktop@9.0.4 (129 bytes) @ 0x000001ec08ff5794 [0x000001ec08ff4f80+0x0000000000000814]
J 17257 c2 java.awt.Window.dispatchEventImpl(Ljava/awt/AWTEvent;)V java.desktop@9.0.4 (23 bytes) @ 0x000001ec08a2670c [0x000001ec08a266c0+0x000000000000004c]
J 13783 c2 java.awt.EventQueue$3.run()Ljava/lang/Object; java.desktop@9.0.4 (5 bytes) @ 0x000001ec0866debc [0x000001ec0866dd00+0x00000000000001bc]
v  ~StubRoutines::call_stub
J 2947  java.security.AccessController.doPrivileged(Ljava/security/PrivilegedAction;Ljava/security/AccessControlContext;)Ljava/lang/Object; java.base@9.0.4 (0 bytes) @ 0x000001ec07c624c6 [0x000001ec07c62460+0x0000000000000066]
J 16422 c2 java.awt.EventQueue$4.run()Ljava/lang/Object; java.desktop@9.0.4 (5 bytes) @ 0x000001ec0845bec0 [0x000001ec0845bc60+0x0000000000000260]
v  ~StubRoutines::call_stub
J 2947  java.security.AccessController.doPrivileged(Ljava/security/PrivilegedAction;Ljava/security/AccessControlContext;)Ljava/lang/Object; java.base@9.0.4 (0 bytes) @ 0x000001ec07c624c6 [0x000001ec07c62460+0x0000000000000066]
J 13237 c2 ui.frmwork.b.d.dispatchEvent(Ljava/awt/AWTEvent;)V (34 bytes) @ 0x000001ec085a83b4 [0x000001ec085a8020+0x0000000000000394]
J 23951 c2 java.awt.EventDispatchThread.pumpOneEventForFilters(I)V java.desktop@9.0.4 (218 bytes) @ 0x000001ec09228d6c [0x000001ec09228880+0x00000000000004ec]
J 20392% c2 java.awt.EventDispatchThread.pumpEventsForFilter(ILjava/awt/Conditional;Ljava/awt/EventFilter;)V java.desktop@9.0.4 (47 bytes) @ 0x000001ec088ce8d8 [0x000001ec088ce7c0+0x0000000000000118]
j  java.awt.EventDispatchThread.pumpEventsForHierarchy(ILjava/awt/Conditional;Ljava/awt/Component;)V+11 java.desktop@9.0.4
j  java.awt.EventDispatchThread.pumpEvents(ILjava/awt/Conditional;)V+4 java.desktop@9.0.4
j  java.awt.EventDispatchThread.pumpEvents(Ljava/awt/Conditional;)V+3 java.desktop@9.0.4
j  java.awt.EventDispatchThread.run()V+9 java.desktop@9.0.4
v  ~StubRoutines::call_stub

siginfo: EXCEPTION_ACCESS_VIOLATION (0xc0000005), reading address 0x0000000000000040


Register to memory mapping:

RIP=0x00007ffeff1e825f librdi_simdata.dll
RAX=0x00007ffeff39c5b0 librdi_simdata.dll
RBX=0x000001ec184f94a0 is an unknown value
RCX=0x0000000000000004 is an unknown value
RDX=0x00007ffeff39c5b0 librdi_simdata.dll
RSP=0x0000001e658fab60 is pointing into the stack for thread: 0x000001ec17c0e000
RBP=0x0000000000000000 is an unknown value
RSI=0x0000000000000001 is an unknown value
RDI=0x0000000000000008 is an unknown value
R8 =0x0000000000000000 is an unknown value
R9 =0x0000000000000018 is an unknown value
R10=0x0000000000008000 is an unknown value
R11=0x0000001e658fab50 is pointing into the stack for thread: 0x000001ec17c0e000
R12=0x00007ffeff2b19dc librdi_simdata.dll
R13=0x0000000000000000 is an unknown value
R14=0x0000001e658fada8 is pointing into the stack for thread: 0x000001ec17c0e000
R15=0x000001ec18f483e0 is an unknown value


Registers:
RAX=0x00007ffeff39c5b0, RBX=0x000001ec184f94a0, RCX=0x0000000000000004, RDX=0x00007ffeff39c5b0
RSP=0x0000001e658fab60, RBP=0x0000000000000000, RSI=0x0000000000000001, RDI=0x0000000000000008
R8 =0x0000000000000000, R9 =0x0000000000000018, R10=0x0000000000008000, R11=0x0000001e658fab50
R12=0x00007ffeff2b19dc, R13=0x0000000000000000, R14=0x0000001e658fada8, R15=0x000001ec18f483e0
RIP=0x00007ffeff1e825f, EFLAGS=0x0000000000010202

Top of Stack: (sp=0x0000001e658fab60)
0x0000001e658fab60:   0000000000000000 00007ffeff2b19dc
0x0000001e658fab70:   000001ec21921c00 00007fff66b947b1
0x0000001e658fab80:   fffffffffffffffe 000001ec6a0c0000
0x0000001e658fab90:   0000001e658fada8 0000000000000000
0x0000001e658faba0:   0000000000000001 00007ffeff1e6fa2
0x0000001e658fabb0:   000001ec184f94a0 00007fff648df05b
0x0000001e658fabc0:   0000000000000000 0000000000000000
0x0000001e658fabd0:   fffffffffffffffe 00007ffeff2b19dc
0x0000001e658fabe0:   000001ec184f9550 00007ffeff1e7141
0x0000001e658fabf0:   000001ec184f94a0 000001ec00000000
0x0000001e658fac00:   000001ec1cf2bda0 000001ec1cf2bda0
0x0000001e658fac10:   fffffffffffffffe 000001ec18f483e0
0x0000001e658fac20:   000001ec184f94a0 00007ffeff1eb690
0x0000001e658fac30:   000001ec1cf2bda0 000001ec184f94a0
0x0000001e658fac40:   0000000000000001 000001ec00000000
0x0000001e658fac50:   fffffffffffffffe 00007ffeff2b19dc 

Instructions: (pc=0x00007ffeff1e825f)
0x00007ffeff1e823f:   e8 fc fe ff ff 48 8b d0 48 8b cb 48 c1 e9 03 48
0x00007ffeff1e824f:   03 cb 48 23 48 30 4c 8b 40 18 48 8b f9 48 03 ff
0x00007ffeff1e825f:   49 8b 3c f8 48 03 c9 4c 8d 0c cd 08 00 00 00 4d
0x00007ffeff1e826f:   8b 14 c8 4c 3b 52 08 75 06 48 8b 42 08 eb 07 4b 



---------------  P R O C E S S  ---------------

Java Threads: ( => current thread )
  0x000001ec1c260800 JavaThread "Relaunch Simulation" [_thread_in_native, id=17100, stack(0x0000001e68a00000,0x0000001e68f00000)]
  0x000001ec1c262000 JavaThread "Thread-8005" [_thread_in_native, id=20064, stack(0x0000001e69700000,0x0000001e69800000)]
  0x000001ec1c259800 JavaThread "Swing-Shell" daemon [_thread_blocked, id=9940, stack(0x0000001e65900000,0x0000001e65e00000)]
  0x000001ec1c25f000 JavaThread "Thread-1495" [_thread_in_native, id=11500, stack(0x0000001e5da00000,0x0000001e5db00000)]
  0x000001ec1c258000 JavaThread "Thread-1483" [_thread_in_native, id=4204, stack(0x0000001e66e00000,0x0000001e66f00000)]
  0x000001ec1c25e000 JavaThread "Thread-1292" [_thread_in_native, id=14252, stack(0x0000001e66d00000,0x0000001e66e00000)]
  0x000001ec1c25a800 JavaThread "Thread-1275" [_thread_in_native, id=14944, stack(0x0000001e66e00000,0x0000001e66f00000)]
  0x000001ec1c257800 JavaThread "Thread-1160" [_thread_in_native, id=4176, stack(0x0000001e5db00000,0x0000001e5dc00000)]
  0x000001ec1c256800 JavaThread "Thread-1139" [_thread_in_native, id=14268, stack(0x0000001e66d00000,0x0000001e66e00000)]
  0x000001ec1c25c800 JavaThread "Thread-891" [_thread_in_native, id=17900, stack(0x0000001e66d00000,0x0000001e66e00000)]
  0x000001ec1c25c000 JavaThread "Thread-870" [_thread_in_native, id=18428, stack(0x0000001e66e00000,0x0000001e66f00000)]
  0x000001ec1c256000 JavaThread "Thread-717" [_thread_in_native, id=18216, stack(0x0000001e5db00000,0x0000001e5dc00000)]
  0x000001ec1c25b000 JavaThread "Thread-604" [_thread_in_native, id=2660, stack(0x0000001e66d00000,0x0000001e66e00000)]
  0x000001ec1c259000 JavaThread "Thread-596" [_thread_in_native, id=4980, stack(0x0000001e5da00000,0x0000001e5db00000)]
  0x000001ec1766d000 JavaThread "Thread-510" [_thread_in_native, id=476, stack(0x0000001e5da00000,0x0000001e5db00000)]
  0x000001ec1766f800 JavaThread "Thread-185" [_thread_in_native, id=624, stack(0x0000001e5da00000,0x0000001e5db00000)]
  0x000001ec1766e800 JavaThread "Thread-174" [_thread_in_native, id=8180, stack(0x0000001e5db00000,0x0000001e5dc00000)]
  0x000001ec17926000 JavaThread "Image Animator 0" daemon [_thread_blocked, id=7544, stack(0x0000001e6af00000,0x0000001e6b400000)]
  0x000001ec1766c800 JavaThread "Thread-63" [_thread_in_native, id=9204, stack(0x0000001e6a500000,0x0000001e6a600000)]
  0x000001ec17670000 JavaThread "SyntheticaAnimation 50" daemon [_thread_blocked, id=6600, stack(0x0000001e69a00000,0x0000001e69f00000)]
  0x000001ec17667000 JavaThread "SyntheticaAnimation 50" daemon [_thread_blocked, id=14412, stack(0x0000001e64500000,0x0000001e64a00000)]
  0x000001ec17665800 JavaThread "hw_ila_monitor" [_thread_blocked, id=1404, stack(0x0000001e68400000,0x0000001e68900000)]
  0x000001ec17927800 JavaThread "Update Runs Swing Worker" [_thread_blocked, id=10788, stack(0x0000001e67f00000,0x0000001e68400000)]
  0x000001ec17924800 JavaThread "Refresh Filesets Swing Worker" [_thread_blocked, id=11424, stack(0x0000001e65e00000,0x0000001e66300000)]
  0x000001ec17924000 JavaThread "SyntheticaAnimation 70" daemon [_thread_blocked, id=17056, stack(0x0000001e66300000,0x0000001e66800000)]
  0x000001ec17923000 JavaThread "SyntheticaAnimation 25" daemon [_thread_blocked, id=2176, stack(0x0000001e67a00000,0x0000001e67f00000)]
  0x000001ec17922800 JavaThread "SyntheticaAnimation 50" daemon [_thread_in_Java, id=11596, stack(0x0000001e67500000,0x0000001e67a00000)]
  0x000001ec17927000 JavaThread "Monitor HEventQueue" [_thread_blocked, id=14876, stack(0x0000001e67000000,0x0000001e67500000)]
  0x000001ec17921800 JavaThread "Batik CleanerThread" daemon [_thread_blocked, id=7684, stack(0x0000001e66800000,0x0000001e66d00000)]
  0x000001ec17921000 JavaThread "SyntheticaCleanerThread" daemon [_thread_blocked, id=16452, stack(0x0000001e64a00000,0x0000001e64f00000)]
=>0x000001ec17c0e000 JavaThread "AWT-EventQueue-1" [_thread_in_native, id=15768, stack(0x0000001e65400000,0x0000001e65900000)]
  0x000001ec17cae000 JavaThread "Process Messages" [_thread_blocked, id=14820, stack(0x0000001e64f00000,0x0000001e65400000)]
  0x000001ec1770a800 JavaThread "Thread-1" [_thread_in_native, id=3616, stack(0x0000001e5dd00000,0x0000001e5f100000)]
  0x000001ec72a7e800 JavaThread "TimerQueue" daemon [_thread_blocked, id=5692, stack(0x0000001e64000000,0x0000001e64500000)]
  0x000001ec72442000 JavaThread "AWT-Windows" daemon [_thread_in_native, id=10720, stack(0x0000001e63b00000,0x0000001e64000000)]
  0x000001ec72834000 JavaThread "AWT-Shutdown" [_thread_blocked, id=16280, stack(0x0000001e63600000,0x0000001e63b00000)]
  0x000001ec7253f000 JavaThread "Java2D Disposer" daemon [_thread_blocked, id=10272, stack(0x0000001e63100000,0x0000001e63600000)]
  0x000001ec72245800 JavaThread "Service Thread" daemon [_thread_blocked, id=17988, stack(0x0000001e62b00000,0x0000001e63000000)]
  0x000001ec7413d000 JavaThread "Common-Cleaner" daemon [_thread_blocked, id=800, stack(0x0000001e62600000,0x0000001e62b00000)]
  0x000001ec73da4800 JavaThread "Sweeper thread" daemon [_thread_blocked, id=12048, stack(0x0000001e62100000,0x0000001e62600000)]
  0x000001ec73c95800 JavaThread "C1 CompilerThread3" daemon [_thread_blocked, id=1500, stack(0x0000001e62000000,0x0000001e62100000)]
  0x000001ec73c97000 JavaThread "C2 CompilerThread2" daemon [_thread_blocked, id=3000, stack(0x0000001e61f00000,0x0000001e62000000)]
  0x000001ec73c95000 JavaThread "C2 CompilerThread1" daemon [_thread_blocked, id=7204, stack(0x0000001e61e00000,0x0000001e61f00000)]
  0x000001ec739c3000 JavaThread "C2 CompilerThread0" daemon [_thread_blocked, id=10828, stack(0x0000001e61d00000,0x0000001e61e00000)]
  0x000001ec6fa87800 JavaThread "Attach Listener" daemon [_thread_blocked, id=17036, stack(0x0000001e61800000,0x0000001e61d00000)]
  0x000001ec71ff6800 JavaThread "Signal Dispatcher" daemon [_thread_blocked, id=15164, stack(0x0000001e61300000,0x0000001e61800000)]
  0x000001ec74a95000 JavaThread "Finalizer" daemon [_thread_blocked, id=1544, stack(0x0000001e60e00000,0x0000001e61300000)]
  0x000001ec74a94800 JavaThread "Reference Handler" daemon [_thread_blocked, id=9512, stack(0x0000001e60900000,0x0000001e60e00000)]
  0x000001ec74a28000 JavaThread "main" [_thread_blocked, id=16296, stack(0x0000001e5dc00000,0x0000001e5dd00000)]

Other Threads:
  0x000001ec74c8a800 VMThread "VM Thread" [stack: 0x0000001e60800000,0x0000001e60900000] [id=10508]
  0x000001ec72247000 WatcherThread [stack: 0x0000001e63000000,0x0000001e63100000] [id=5328]
  0x000001ec6fffa000 GCTaskThread "GC Thread#0" [stack: 0x0000001e5f400000,0x0000001e5f500000] [id=2808]
  0x000001ec7345f800 GCTaskThread "GC Thread#1" [stack: 0x0000001e5f500000,0x0000001e5f600000] [id=13960]
  0x000001ec73460000 GCTaskThread "GC Thread#2" [stack: 0x0000001e5f600000,0x0000001e5f700000] [id=17008]
  0x000001ec754e4000 GCTaskThread "GC Thread#3" [stack: 0x0000001e5f700000,0x0000001e5f800000] [id=17676]
  0x000001ec74f2c000 GCTaskThread "GC Thread#4" [stack: 0x0000001e5f800000,0x0000001e5f900000] [id=17472]
  0x000001ec74ecc800 GCTaskThread "GC Thread#5" [stack: 0x0000001e5f900000,0x0000001e5fa00000] [id=9624]
  0x000001ec73c8e000 GCTaskThread "GC Thread#6" [stack: 0x0000001e5fa00000,0x0000001e5fb00000] [id=8444]
  0x000001ec73c8c000 GCTaskThread "GC Thread#7" [stack: 0x0000001e5fb00000,0x0000001e5fc00000] [id=4384]
  0x000001ec7014e800 ConcurrentGCThread "G1 Main Marker" [stack: 0x0000001e60500000,0x0000001e60600000] [id=18124]
  0x000001ec73c8f000 ConcurrentGCThread "G1 Marker#0" [stack: 0x0000001e60600000,0x0000001e60700000] [id=10704]
  0x000001ec73c8b800 ConcurrentGCThread "G1 Marker#1" [stack: 0x0000001e60700000,0x0000001e60800000] [id=15980]
  0x000001ec7415c800 ConcurrentGCThread "G1 Refine#0" [stack: 0x0000001e60300000,0x0000001e60400000] [id=17664]
  0x000001ec6f6ac800 ConcurrentGCThread "G1 Refine#1" [stack: 0x0000001e60200000,0x0000001e60300000] [id=16912]
  0x000001ec70c9e800 ConcurrentGCThread "G1 Refine#2" [stack: 0x0000001e60100000,0x0000001e60200000] [id=16968]
  0x000001ec7336d800 ConcurrentGCThread "G1 Refine#3" [stack: 0x0000001e60000000,0x0000001e60100000] [id=588]
  0x000001ec6fd72800 ConcurrentGCThread "G1 Refine#4" [stack: 0x0000001e5ff00000,0x0000001e60000000] [id=15976]
  0x000001ec747be800 ConcurrentGCThread "G1 Refine#5" [stack: 0x0000001e5fe00000,0x0000001e5ff00000] [id=18228]
  0x000001ec700cd000 ConcurrentGCThread "G1 Refine#6" [stack: 0x0000001e5fd00000,0x0000001e5fe00000] [id=1900]
  0x000001ec700cc800 ConcurrentGCThread "G1 Refine#7" [stack: 0x0000001e5fc00000,0x0000001e5fd00000] [id=9104]
  0x000001ec6f6ad000 ConcurrentGCThread "G1 Young RemSet Sampling" [stack: 0x0000001e60400000,0x0000001e60500000] [id=10148]

Threads with active compile tasks:

VM state:not at safepoint (normal execution)

VM Mutex/Monitor currently owned by a thread: None

Heap address: 0x0000000700000000, size: 3072 MB, Compressed Oops mode: Zero based, Oop shift amount: 3
Narrow klass base: 0x0000000000000000, Narrow klass shift: 3
Compressed class space size: 1073741824 Address: 0x00000007c0000000

Heap:
 garbage-first heap   total 189440K, used 119369K [0x0000000700000000, 0x00000007001005c8, 0x00000007c0000000)
  region size 1024K, 49 young (50176K), 1 survivors (1024K)
 Metaspace       used 83314K, capacity 85500K, committed 93184K, reserved 1130496K
  class space    used 11040K, capacity 11480K, committed 13056K, reserved 1048576K
Heap Regions: E=young(eden), S=young(survivor), O=old, HS=humongous(starts), HC=humongous(continues), CS=collection set, F=free, A=archive, TS=gc time stamp, AC=allocation context, TAMS=top-at-mark-start (previous, next)
|   0|0x0000000700000000, 0x0000000700100000, 0x0000000700100000|100%|HS|  |TS  0|AC  0|TAMS 0x0000000700000000, 0x0000000700000000|
|   1|0x0000000700100000, 0x0000000700200000, 0x0000000700200000|100%|HS|  |TS  0|AC  0|TAMS 0x0000000700100000, 0x0000000700100000|
|   2|0x0000000700200000, 0x0000000700300000, 0x0000000700300000|100%|HC|  |TS  0|AC  0|TAMS 0x0000000700200000, 0x0000000700200000|
|   3|0x0000000700300000, 0x0000000700400000, 0x0000000700400000|100%|HS|  |TS  0|AC  0|TAMS 0x0000000700300000, 0x0000000700300000|
|   4|0x0000000700400000, 0x00000007004fffe0, 0x0000000700500000| 99%| O|  |TS  0|AC  0|TAMS 0x0000000700400000, 0x0000000700400000|
|   5|0x0000000700500000, 0x00000007005ffff0, 0x0000000700600000| 99%| O|  |TS  0|AC  0|TAMS 0x0000000700500000, 0x0000000700500000|
|   6|0x0000000700600000, 0x0000000700700000, 0x0000000700700000|100%| O|  |TS  0|AC  0|TAMS 0x0000000700600000, 0x0000000700600000|
|   7|0x0000000700700000, 0x00000007007ffff0, 0x0000000700800000| 99%| O|  |TS  0|AC  0|TAMS 0x0000000700700000, 0x0000000700700000|
|   8|0x0000000700800000, 0x00000007008fffd0, 0x0000000700900000| 99%| O|  |TS  0|AC  0|TAMS 0x0000000700800000, 0x0000000700800000|
|   9|0x0000000700900000, 0x00000007009f83a8, 0x0000000700a00000| 96%| O|  |TS  0|AC  0|TAMS 0x0000000700900000, 0x0000000700900000|
|  10|0x0000000700a00000, 0x0000000700afa530, 0x0000000700b00000| 97%| O|  |TS  0|AC  0|TAMS 0x0000000700a00000, 0x0000000700a00000|
|  11|0x0000000700b00000, 0x0000000700be2778, 0x0000000700c00000| 88%| O|  |TS  0|AC  0|TAMS 0x0000000700b00000, 0x0000000700b00000|
|  12|0x0000000700c00000, 0x0000000700cfd208, 0x0000000700d00000| 98%| O|  |TS  0|AC  0|TAMS 0x0000000700c00000, 0x0000000700c00000|
|  13|0x0000000700d00000, 0x0000000700dffff0, 0x0000000700e00000| 99%| O|  |TS  0|AC  0|TAMS 0x0000000700d00000, 0x0000000700d00000|
|  14|0x0000000700e00000, 0x0000000700f00000, 0x0000000700f00000|100%| O|  |TS  0|AC  0|TAMS 0x0000000700e00000, 0x0000000700e00000|
|  15|0x0000000700f00000, 0x0000000700ffffe8, 0x0000000701000000| 99%| O|  |TS  0|AC  0|TAMS 0x0000000700f00000, 0x0000000700f00000|
|  16|0x0000000701000000, 0x00000007010ffff8, 0x0000000701100000| 99%| O|  |TS  0|AC  0|TAMS 0x0000000701000000, 0x0000000701000000|
|  17|0x0000000701100000, 0x00000007011ffff8, 0x0000000701200000| 99%| O|  |TS  0|AC  0|TAMS 0x0000000701100000, 0x0000000701100000|
|  18|0x0000000701200000, 0x00000007012ffff0, 0x0000000701300000| 99%| O|  |TS  0|AC  0|TAMS 0x0000000701200000, 0x0000000701200000|
|  19|0x0000000701300000, 0x00000007013fffd0, 0x0000000701400000| 99%| O|  |TS  0|AC  0|TAMS 0x0000000701300000, 0x0000000701300000|
|  20|0x0000000701400000, 0x00000007014fff18, 0x0000000701500000| 99%| O|  |TS  0|AC  0|TAMS 0x0000000701400000, 0x0000000701400000|
|  21|0x0000000701500000, 0x00000007015fff48, 0x0000000701600000| 99%| O|  |TS  0|AC  0|TAMS 0x0000000701500000, 0x0000000701500000|
|  22|0x0000000701600000, 0x0000000701700000, 0x0000000701700000|100%| O|  |TS  0|AC  0|TAMS 0x0000000701600000, 0x0000000701600000|
|  23|0x0000000701700000, 0x00000007017ffff0, 0x0000000701800000| 99%| O|  |TS  0|AC  0|TAMS 0x0000000701700000, 0x0000000701700000|
|  24|0x0000000701800000, 0x00000007018fff38, 0x0000000701900000| 99%| O|  |TS  0|AC  0|TAMS 0x0000000701800000, 0x0000000701800000|
|  25|0x0000000701900000, 0x00000007019ffb38, 0x0000000701a00000| 99%| O|  |TS  0|AC  0|TAMS 0x0000000701900000, 0x0000000701900000|
|  26|0x0000000701a00000, 0x0000000701affff8, 0x0000000701b00000| 99%| O|  |TS  0|AC  0|TAMS 0x0000000701a00000, 0x0000000701a00000|
|  27|0x0000000701b00000, 0x0000000701bffff0, 0x0000000701c00000| 99%| O|  |TS  0|AC  0|TAMS 0x0000000701b00000, 0x0000000701b00000|
|  28|0x0000000701c00000, 0x0000000701cfffd0, 0x0000000701d00000| 99%| O|  |TS  0|AC  0|TAMS 0x0000000701c00000, 0x0000000701c00000|
|  29|0x0000000701d00000, 0x0000000701e00000, 0x0000000701e00000|100%| O|  |TS  0|AC  0|TAMS 0x0000000701d00000, 0x0000000701d00000|
|  30|0x0000000701e00000, 0x0000000701efffe8, 0x0000000701f00000| 99%| O|  |TS  0|AC  0|TAMS 0x0000000701e00000, 0x0000000701e00000|
|  31|0x0000000701f00000, 0x0000000701fffff0, 0x0000000702000000| 99%| O|  |TS  0|AC  0|TAMS 0x0000000701f00000, 0x0000000701f00000|
|  32|0x0000000702000000, 0x00000007020ffff8, 0x0000000702100000| 99%| O|  |TS  0|AC  0|TAMS 0x0000000702000000, 0x0000000702000000|
|  33|0x0000000702100000, 0x00000007021ffed0, 0x0000000702200000| 99%| O|  |TS  0|AC  0|TAMS 0x0000000702100000, 0x0000000702100000|
|  34|0x0000000702200000, 0x0000000702300000, 0x0000000702300000|100%|HS|  |TS  0|AC  0|TAMS 0x0000000702200000, 0x0000000702200000|
|  35|0x0000000702300000, 0x0000000702400000, 0x0000000702400000|100%|HC|  |TS  0|AC  0|TAMS 0x0000000702300000, 0x0000000702300000|
|  36|0x0000000702400000, 0x0000000702500000, 0x0000000702500000|100%|HC|  |TS  0|AC  0|TAMS 0x0000000702400000, 0x0000000702400000|
|  37|0x0000000702500000, 0x0000000702600000, 0x0000000702600000|100%|HC|  |TS  0|AC  0|TAMS 0x0000000702500000, 0x0000000702500000|
|  38|0x0000000702600000, 0x0000000702700000, 0x0000000702700000|100%|HC|  |TS  0|AC  0|TAMS 0x0000000702600000, 0x0000000702600000|
|  39|0x0000000702700000, 0x0000000702800000, 0x0000000702800000|100%|HC|  |TS  0|AC  0|TAMS 0x0000000702700000, 0x0000000702700000|
|  40|0x0000000702800000, 0x0000000702900000, 0x0000000702900000|100%|HC|  |TS  0|AC  0|TAMS 0x0000000702800000, 0x0000000702800000|
|  41|0x0000000702900000, 0x0000000702a00000, 0x0000000702a00000|100%|HC|  |TS  0|AC  0|TAMS 0x0000000702900000, 0x0000000702900000|
|  42|0x0000000702a00000, 0x0000000702afffd0, 0x0000000702b00000| 99%| O|  |TS  0|AC  0|TAMS 0x0000000702a00000, 0x0000000702a00000|
|  43|0x0000000702b00000, 0x0000000702c00000, 0x0000000702c00000|100%| O|  |TS  0|AC  0|TAMS 0x0000000702b00000, 0x0000000702b00000|
|  44|0x0000000702c00000, 0x0000000702cff0a8, 0x0000000702d00000| 99%| O|  |TS  0|AC  0|TAMS 0x0000000702c00000, 0x0000000702c00000|
|  45|0x0000000702d00000, 0x0000000702dfffc8, 0x0000000702e00000| 99%| O|  |TS  0|AC  0|TAMS 0x0000000702d00000, 0x0000000702d00000|
|  46|0x0000000702e00000, 0x0000000702effff8, 0x0000000702f00000| 99%| O|  |TS  0|AC  0|TAMS 0x0000000702e00000, 0x0000000702e00000|
|  47|0x0000000702f00000, 0x0000000703000000, 0x0000000703000000|100%| O|  |TS  0|AC  0|TAMS 0x0000000702f00000, 0x0000000702f00000|
|  48|0x0000000703000000, 0x0000000703100000, 0x0000000703100000|100%| O|  |TS  0|AC  0|TAMS 0x0000000703000000, 0x0000000703000000|
|  49|0x0000000703100000, 0x00000007031fffe8, 0x0000000703200000| 99%| O|  |TS  0|AC  0|TAMS 0x0000000703100000, 0x0000000703100000|
|  50|0x0000000703200000, 0x0000000703300000, 0x0000000703300000|100%| O|  |TS  0|AC  0|TAMS 0x0000000703200000, 0x0000000703200000|
|  51|0x0000000703300000, 0x00000007033fff78, 0x0000000703400000| 99%| O|  |TS  0|AC  0|TAMS 0x0000000703300000, 0x0000000703300000|
|  52|0x0000000703400000, 0x0000000703500000, 0x0000000703500000|100%| O|  |TS  0|AC  0|TAMS 0x0000000703400000, 0x0000000703400000|
|  53|0x0000000703500000, 0x00000007035fffa0, 0x0000000703600000| 99%| O|  |TS  0|AC  0|TAMS 0x0000000703500000, 0x0000000703500000|
|  54|0x0000000703600000, 0x00000007036ffed8, 0x0000000703700000| 99%| O|  |TS  0|AC  0|TAMS 0x0000000703600000, 0x0000000703600000|
|  55|0x0000000703700000, 0x00000007037fffe8, 0x0000000703800000| 99%| O|  |TS  0|AC  0|TAMS 0x0000000703700000, 0x0000000703700000|
|  56|0x0000000703800000, 0x0000000703900000, 0x0000000703900000|100%| O|  |TS  0|AC  0|TAMS 0x0000000703800000, 0x0000000703800000|
|  57|0x0000000703900000, 0x00000007039ffff0, 0x0000000703a00000| 99%| O|  |TS  0|AC  0|TAMS 0x0000000703900000, 0x0000000703900000|
|  58|0x0000000703a00000, 0x0000000703affe38, 0x0000000703b00000| 99%| O|  |TS  0|AC  0|TAMS 0x0000000703a00000, 0x0000000703a00000|
|  59|0x0000000703b00000, 0x0000000703bffff8, 0x0000000703c00000| 99%| O|  |TS  0|AC  0|TAMS 0x0000000703b00000, 0x0000000703b00000|
|  60|0x0000000703c00000, 0x0000000703cff0b8, 0x0000000703d00000| 99%| O|  |TS  0|AC  0|TAMS 0x0000000703c00000, 0x0000000703c00000|
|  61|0x0000000703d00000, 0x0000000703e00000, 0x0000000703e00000|100%| O|  |TS  0|AC  0|TAMS 0x0000000703d00000, 0x0000000703d00000|
|  62|0x0000000703e00000, 0x0000000703f00000, 0x0000000703f00000|100%|HS|  |TS  0|AC  0|TAMS 0x0000000703e00000, 0x0000000703e00000|
|  63|0x0000000703f00000, 0x0000000704000000, 0x0000000704000000|100%|HC|  |TS  0|AC  0|TAMS 0x0000000703f00000, 0x0000000703f00000|
|  64|0x0000000704000000, 0x00000007040d4738, 0x0000000704100000| 82%| O|  |TS  0|AC  0|TAMS 0x0000000704000000, 0x0000000704000000|
|  65|0x0000000704100000, 0x0000000704200000, 0x0000000704200000|100%|HS|  |TS  0|AC  0|TAMS 0x0000000704100000, 0x0000000704100000|
|  66|0x0000000704200000, 0x0000000704300000, 0x0000000704300000|100%|HC|  |TS  0|AC  0|TAMS 0x0000000704200000, 0x0000000704200000|
|  67|0x0000000704300000, 0x0000000704400000, 0x0000000704400000|100%|HS|  |TS  0|AC  0|TAMS 0x0000000704300000, 0x0000000704300000|
|  68|0x0000000704400000, 0x0000000704500000, 0x0000000704500000|100%|HC|  |TS  0|AC  0|TAMS 0x0000000704400000, 0x0000000704400000|
|  69|0x0000000704500000, 0x0000000704528a00, 0x0000000704600000| 15%| O|  |TS 35|AC  0|TAMS 0x0000000704500000, 0x0000000704500000|
|  70|0x0000000704600000, 0x0000000704600000, 0x0000000704700000|  0%| F|  |TS  0|AC  0|TAMS 0x0000000704600000, 0x0000000704600000|
|  71|0x0000000704700000, 0x0000000704700000, 0x0000000704800000|  0%| F|  |TS  0|AC  0|TAMS 0x0000000704700000, 0x0000000704700000|
|  72|0x0000000704800000, 0x0000000704800000, 0x0000000704900000|  0%| F|  |TS  0|AC  0|TAMS 0x0000000704800000, 0x0000000704800000|
|  73|0x0000000704900000, 0x0000000704900000, 0x0000000704a00000|  0%| F|  |TS  0|AC  0|TAMS 0x0000000704900000, 0x0000000704900000|
|  74|0x0000000704a00000, 0x0000000704a00000, 0x0000000704b00000|  0%| F|  |TS  0|AC  0|TAMS 0x0000000704a00000, 0x0000000704a00000|
|  75|0x0000000704b00000, 0x0000000704b00000, 0x0000000704c00000|  0%| F|  |TS  0|AC  0|TAMS 0x0000000704b00000, 0x0000000704b00000|
|  76|0x0000000704c00000, 0x0000000704c00000, 0x0000000704d00000|  0%| F|  |TS  0|AC  0|TAMS 0x0000000704c00000, 0x0000000704c00000|
|  77|0x0000000704d00000, 0x0000000704d00000, 0x0000000704e00000|  0%| F|  |TS  0|AC  0|TAMS 0x0000000704d00000, 0x0000000704d00000|
|  78|0x0000000704e00000, 0x0000000704e00000, 0x0000000704f00000|  0%| F|  |TS  0|AC  0|TAMS 0x0000000704e00000, 0x0000000704e00000|
|  79|0x0000000704f00000, 0x0000000704f00000, 0x0000000705000000|  0%| F|  |TS  0|AC  0|TAMS 0x0000000704f00000, 0x0000000704f00000|
|  80|0x0000000705000000, 0x0000000705000000, 0x0000000705100000|  0%| F|  |TS  0|AC  0|TAMS 0x0000000705000000, 0x0000000705000000|
|  81|0x0000000705100000, 0x0000000705100000, 0x0000000705200000|  0%| F|  |TS  0|AC  0|TAMS 0x0000000705100000, 0x0000000705100000|
|  82|0x0000000705200000, 0x0000000705200000, 0x0000000705300000|  0%| F|  |TS  0|AC  0|TAMS 0x0000000705200000, 0x0000000705200000|
|  83|0x0000000705300000, 0x0000000705300000, 0x0000000705400000|  0%| F|  |TS  0|AC  0|TAMS 0x0000000705300000, 0x0000000705300000|
|  84|0x0000000705400000, 0x0000000705400000, 0x0000000705500000|  0%| F|  |TS  0|AC  0|TAMS 0x0000000705400000, 0x0000000705400000|
|  85|0x0000000705500000, 0x0000000705500000, 0x0000000705600000|  0%| F|  |TS  0|AC  0|TAMS 0x0000000705500000, 0x0000000705500000|
|  86|0x0000000705600000, 0x0000000705600000, 0x0000000705700000|  0%| F|  |TS  0|AC  0|TAMS 0x0000000705600000, 0x0000000705600000|
|  87|0x0000000705700000, 0x0000000705700000, 0x0000000705800000|  0%| F|  |TS  0|AC  0|TAMS 0x0000000705700000, 0x0000000705700000|
|  88|0x0000000705800000, 0x0000000705800000, 0x0000000705900000|  0%| F|  |TS  0|AC  0|TAMS 0x0000000705800000, 0x0000000705800000|
|  89|0x0000000705900000, 0x0000000705900000, 0x0000000705a00000|  0%| F|  |TS  0|AC  0|TAMS 0x0000000705900000, 0x0000000705900000|
|  90|0x0000000705a00000, 0x0000000705a00000, 0x0000000705b00000|  0%| F|  |TS  0|AC  0|TAMS 0x0000000705a00000, 0x0000000705a00000|
|  91|0x0000000705b00000, 0x0000000705b00000, 0x0000000705c00000|  0%| F|  |TS  0|AC  0|TAMS 0x0000000705b00000, 0x0000000705b00000|
|  92|0x0000000705c00000, 0x0000000705c00000, 0x0000000705d00000|  0%| F|  |TS  0|AC  0|TAMS 0x0000000705c00000, 0x0000000705c00000|
|  93|0x0000000705d00000, 0x0000000705d00000, 0x0000000705e00000|  0%| F|  |TS  0|AC  0|TAMS 0x0000000705d00000, 0x0000000705d00000|
|  94|0x0000000705e00000, 0x0000000705e00000, 0x0000000705f00000|  0%| F|  |TS  0|AC  0|TAMS 0x0000000705e00000, 0x0000000705e00000|
|  95|0x0000000705f00000, 0x0000000705f00000, 0x0000000706000000|  0%| F|  |TS  0|AC  0|TAMS 0x0000000705f00000, 0x0000000705f00000|
|  96|0x0000000706000000, 0x0000000706000000, 0x0000000706100000|  0%| F|  |TS  0|AC  0|TAMS 0x0000000706000000, 0x0000000706000000|
|  97|0x0000000706100000, 0x0000000706100000, 0x0000000706200000|  0%| F|  |TS  0|AC  0|TAMS 0x0000000706100000, 0x0000000706100000|
|  98|0x0000000706200000, 0x0000000706200000, 0x0000000706300000|  0%| F|  |TS  0|AC  0|TAMS 0x0000000706200000, 0x0000000706200000|
|  99|0x0000000706300000, 0x0000000706300000, 0x0000000706400000|  0%| F|  |TS  0|AC  0|TAMS 0x0000000706300000, 0x0000000706300000|
| 100|0x0000000706400000, 0x0000000706400000, 0x0000000706500000|  0%| F|  |TS  0|AC  0|TAMS 0x0000000706400000, 0x0000000706400000|
| 101|0x0000000706500000, 0x0000000706500000, 0x0000000706600000|  0%| F|  |TS  0|AC  0|TAMS 0x0000000706500000, 0x0000000706500000|
| 102|0x0000000706600000, 0x0000000706600000, 0x0000000706700000|  0%| F|  |TS  0|AC  0|TAMS 0x0000000706600000, 0x0000000706600000|
| 103|0x0000000706700000, 0x0000000706700000, 0x0000000706800000|  0%| F|  |TS  0|AC  0|TAMS 0x0000000706700000, 0x0000000706700000|
| 104|0x0000000706800000, 0x0000000706800000, 0x0000000706900000|  0%| F|  |TS  0|AC  0|TAMS 0x0000000706800000, 0x0000000706800000|
| 105|0x0000000706900000, 0x0000000706900000, 0x0000000706a00000|  0%| F|  |TS  0|AC  0|TAMS 0x0000000706900000, 0x0000000706900000|
| 106|0x0000000706a00000, 0x0000000706a00000, 0x0000000706b00000|  0%| F|  |TS  0|AC  0|TAMS 0x0000000706a00000, 0x0000000706a00000|
| 107|0x0000000706b00000, 0x0000000706b00000, 0x0000000706c00000|  0%| F|  |TS  0|AC  0|TAMS 0x0000000706b00000, 0x0000000706b00000|
| 108|0x0000000706c00000, 0x0000000706c00000, 0x0000000706d00000|  0%| F|  |TS  0|AC  0|TAMS 0x0000000706c00000, 0x0000000706c00000|
| 109|0x0000000706d00000, 0x0000000706d00000, 0x0000000706e00000|  0%| F|  |TS  0|AC  0|TAMS 0x0000000706d00000, 0x0000000706d00000|
| 110|0x0000000706e00000, 0x0000000706e00000, 0x0000000706f00000|  0%| F|  |TS  0|AC  0|TAMS 0x0000000706e00000, 0x0000000706e00000|
| 111|0x0000000706f00000, 0x0000000706f00000, 0x0000000707000000|  0%| F|  |TS  0|AC  0|TAMS 0x0000000706f00000, 0x0000000706f00000|
| 112|0x0000000707000000, 0x0000000707000000, 0x0000000707100000|  0%| F|  |TS  0|AC  0|TAMS 0x0000000707000000, 0x0000000707000000|
| 113|0x0000000707100000, 0x0000000707100000, 0x0000000707200000|  0%| F|  |TS  0|AC  0|TAMS 0x0000000707100000, 0x0000000707100000|
| 114|0x0000000707200000, 0x0000000707200000, 0x0000000707300000|  0%| F|  |TS  0|AC  0|TAMS 0x0000000707200000, 0x0000000707200000|
| 115|0x0000000707300000, 0x0000000707300000, 0x0000000707400000|  0%| F|  |TS  0|AC  0|TAMS 0x0000000707300000, 0x0000000707300000|
| 116|0x0000000707400000, 0x0000000707400000, 0x0000000707500000|  0%| F|  |TS  0|AC  0|TAMS 0x0000000707400000, 0x0000000707400000|
| 117|0x0000000707500000, 0x0000000707500000, 0x0000000707600000|  0%| F|  |TS  0|AC  0|TAMS 0x0000000707500000, 0x0000000707500000|
| 118|0x0000000707600000, 0x0000000707600000, 0x0000000707700000|  0%| F|  |TS  0|AC  0|TAMS 0x0000000707600000, 0x0000000707600000|
| 119|0x0000000707700000, 0x0000000707700000, 0x0000000707800000|  0%| F|  |TS  0|AC  0|TAMS 0x0000000707700000, 0x0000000707700000|
| 120|0x0000000707800000, 0x0000000707800000, 0x0000000707900000|  0%| F|  |TS  0|AC  0|TAMS 0x0000000707800000, 0x0000000707800000|
| 121|0x0000000707900000, 0x0000000707900000, 0x0000000707a00000|  0%| F|  |TS  0|AC  0|TAMS 0x0000000707900000, 0x0000000707900000|
| 122|0x0000000707a00000, 0x0000000707a00000, 0x0000000707b00000|  0%| F|  |TS  0|AC  0|TAMS 0x0000000707a00000, 0x0000000707a00000|
| 123|0x0000000707b00000, 0x0000000707b00000, 0x0000000707c00000|  0%| F|  |TS 31|AC  0|TAMS 0x0000000707b00000, 0x0000000707b00000|
| 124|0x0000000707c00000, 0x0000000707c00000, 0x0000000707d00000|  0%| F|  |TS 35|AC  0|TAMS 0x0000000707c00000, 0x0000000707c00000|
| 125|0x0000000707d00000, 0x0000000707dc5fa0, 0x0000000707e00000| 77%| S|CS|TS 35|AC  0|TAMS 0x0000000707d00000, 0x0000000707d00000|
| 126|0x0000000707e00000, 0x0000000707e00000, 0x0000000707f00000|  0%| F|  |TS 35|AC  0|TAMS 0x0000000707e00000, 0x0000000707e00000|
| 127|0x0000000707f00000, 0x0000000707f00000, 0x0000000708000000|  0%| F|  |TS 35|AC  0|TAMS 0x0000000707f00000, 0x0000000707f00000|
| 128|0x0000000708000000, 0x0000000708000000, 0x0000000708100000|  0%| F|  |TS 35|AC  0|TAMS 0x0000000708000000, 0x0000000708000000|
| 129|0x0000000708100000, 0x0000000708100000, 0x0000000708200000|  0%| F|  |TS 35|AC  0|TAMS 0x0000000708100000, 0x0000000708100000|
| 130|0x0000000708200000, 0x0000000708200000, 0x0000000708300000|  0%| F|  |TS 35|AC  0|TAMS 0x0000000708200000, 0x0000000708200000|
| 131|0x0000000708300000, 0x0000000708300000, 0x0000000708400000|  0%| F|  |TS 35|AC  0|TAMS 0x0000000708300000, 0x0000000708300000|
| 132|0x0000000708400000, 0x0000000708400000, 0x0000000708500000|  0%| F|  |TS 35|AC  0|TAMS 0x0000000708400000, 0x0000000708400000|
| 133|0x0000000708500000, 0x0000000708500000, 0x0000000708600000|  0%| F|  |TS 35|AC  0|TAMS 0x0000000708500000, 0x0000000708500000|
| 134|0x0000000708600000, 0x0000000708600000, 0x0000000708700000|  0%| F|  |TS 35|AC  0|TAMS 0x0000000708600000, 0x0000000708600000|
| 135|0x0000000708700000, 0x0000000708700000, 0x0000000708800000|  0%| F|  |TS 35|AC  0|TAMS 0x0000000708700000, 0x0000000708700000|
| 136|0x0000000708800000, 0x0000000708800000, 0x0000000708900000|  0%| F|  |TS 35|AC  0|TAMS 0x0000000708800000, 0x0000000708800000|
| 137|0x0000000708900000, 0x0000000708982908, 0x0000000708a00000| 51%| E|  |TS 35|AC  0|TAMS 0x0000000708900000, 0x0000000708900000|
| 138|0x0000000708a00000, 0x0000000708b00000, 0x0000000708b00000|100%| E|CS|TS 35|AC  0|TAMS 0x0000000708a00000, 0x0000000708a00000|
| 139|0x0000000708b00000, 0x0000000708c00000, 0x0000000708c00000|100%| E|CS|TS 35|AC  0|TAMS 0x0000000708b00000, 0x0000000708b00000|
| 140|0x0000000708c00000, 0x0000000708d00000, 0x0000000708d00000|100%| E|CS|TS 35|AC  0|TAMS 0x0000000708c00000, 0x0000000708c00000|
| 141|0x0000000708d00000, 0x0000000708e00000, 0x0000000708e00000|100%| E|CS|TS 35|AC  0|TAMS 0x0000000708d00000, 0x0000000708d00000|
| 142|0x0000000708e00000, 0x0000000708f00000, 0x0000000708f00000|100%| E|CS|TS 35|AC  0|TAMS 0x0000000708e00000, 0x0000000708e00000|
| 143|0x0000000708f00000, 0x0000000709000000, 0x0000000709000000|100%| E|CS|TS 35|AC  0|TAMS 0x0000000708f00000, 0x0000000708f00000|
| 144|0x0000000709000000, 0x0000000709100000, 0x0000000709100000|100%| E|CS|TS 35|AC  0|TAMS 0x0000000709000000, 0x0000000709000000|
| 145|0x0000000709100000, 0x0000000709200000, 0x0000000709200000|100%| E|CS|TS 35|AC  0|TAMS 0x0000000709100000, 0x0000000709100000|
| 146|0x0000000709200000, 0x0000000709300000, 0x0000000709300000|100%| E|CS|TS 35|AC  0|TAMS 0x0000000709200000, 0x0000000709200000|
| 147|0x0000000709300000, 0x0000000709400000, 0x0000000709400000|100%| E|CS|TS 35|AC  0|TAMS 0x0000000709300000, 0x0000000709300000|
| 148|0x0000000709400000, 0x0000000709500000, 0x0000000709500000|100%| E|CS|TS 35|AC  0|TAMS 0x0000000709400000, 0x0000000709400000|
| 149|0x0000000709500000, 0x0000000709600000, 0x0000000709600000|100%| E|CS|TS 35|AC  0|TAMS 0x0000000709500000, 0x0000000709500000|
| 150|0x0000000709600000, 0x0000000709700000, 0x0000000709700000|100%| E|CS|TS 35|AC  0|TAMS 0x0000000709600000, 0x0000000709600000|
| 151|0x0000000709700000, 0x0000000709800000, 0x0000000709800000|100%| E|CS|TS 35|AC  0|TAMS 0x0000000709700000, 0x0000000709700000|
| 152|0x0000000709800000, 0x0000000709900000, 0x0000000709900000|100%| E|CS|TS 35|AC  0|TAMS 0x0000000709800000, 0x0000000709800000|
| 153|0x0000000709900000, 0x0000000709a00000, 0x0000000709a00000|100%| E|CS|TS 35|AC  0|TAMS 0x0000000709900000, 0x0000000709900000|
| 154|0x0000000709a00000, 0x0000000709b00000, 0x0000000709b00000|100%| E|CS|TS 35|AC  0|TAMS 0x0000000709a00000, 0x0000000709a00000|
| 155|0x0000000709b00000, 0x0000000709c00000, 0x0000000709c00000|100%| E|CS|TS 35|AC  0|TAMS 0x0000000709b00000, 0x0000000709b00000|
| 156|0x0000000709c00000, 0x0000000709d00000, 0x0000000709d00000|100%| E|CS|TS 35|AC  0|TAMS 0x0000000709c00000, 0x0000000709c00000|
| 157|0x0000000709d00000, 0x0000000709e00000, 0x0000000709e00000|100%| E|CS|TS 35|AC  0|TAMS 0x0000000709d00000, 0x0000000709d00000|
| 158|0x0000000709e00000, 0x0000000709f00000, 0x0000000709f00000|100%| E|CS|TS 35|AC  0|TAMS 0x0000000709e00000, 0x0000000709e00000|
| 159|0x0000000709f00000, 0x000000070a000000, 0x000000070a000000|100%| E|CS|TS 35|AC  0|TAMS 0x0000000709f00000, 0x0000000709f00000|
| 160|0x000000070a000000, 0x000000070a100000, 0x000000070a100000|100%| E|CS|TS 35|AC  0|TAMS 0x000000070a000000, 0x000000070a000000|
| 161|0x000000070a100000, 0x000000070a200000, 0x000000070a200000|100%| E|CS|TS 35|AC  0|TAMS 0x000000070a100000, 0x000000070a100000|
| 162|0x000000070a200000, 0x000000070a300000, 0x000000070a300000|100%| E|CS|TS 35|AC  0|TAMS 0x000000070a200000, 0x000000070a200000|
| 163|0x000000070a300000, 0x000000070a400000, 0x000000070a400000|100%| E|CS|TS 35|AC  0|TAMS 0x000000070a300000, 0x000000070a300000|
| 164|0x000000070a400000, 0x000000070a500000, 0x000000070a500000|100%| E|CS|TS 35|AC  0|TAMS 0x000000070a400000, 0x000000070a400000|
| 165|0x000000070a500000, 0x000000070a600000, 0x000000070a600000|100%| E|CS|TS 35|AC  0|TAMS 0x000000070a500000, 0x000000070a500000|
| 166|0x000000070a600000, 0x000000070a700000, 0x000000070a700000|100%| E|CS|TS 35|AC  0|TAMS 0x000000070a600000, 0x000000070a600000|
| 167|0x000000070a700000, 0x000000070a800000, 0x000000070a800000|100%| E|CS|TS 35|AC  0|TAMS 0x000000070a700000, 0x000000070a700000|
| 168|0x000000070a800000, 0x000000070a900000, 0x000000070a900000|100%| E|CS|TS 35|AC  0|TAMS 0x000000070a800000, 0x000000070a800000|
| 169|0x000000070a900000, 0x000000070aa00000, 0x000000070aa00000|100%| E|CS|TS 35|AC  0|TAMS 0x000000070a900000, 0x000000070a900000|
| 170|0x000000070aa00000, 0x000000070ab00000, 0x000000070ab00000|100%| E|CS|TS 35|AC  0|TAMS 0x000000070aa00000, 0x000000070aa00000|
| 171|0x000000070ab00000, 0x000000070ac00000, 0x000000070ac00000|100%| E|CS|TS 35|AC  0|TAMS 0x000000070ab00000, 0x000000070ab00000|
| 172|0x000000070ac00000, 0x000000070ad00000, 0x000000070ad00000|100%| E|CS|TS 35|AC  0|TAMS 0x000000070ac00000, 0x000000070ac00000|
| 173|0x000000070ad00000, 0x000000070ae00000, 0x000000070ae00000|100%| E|CS|TS 35|AC  0|TAMS 0x000000070ad00000, 0x000000070ad00000|
| 174|0x000000070ae00000, 0x000000070af00000, 0x000000070af00000|100%| E|CS|TS 35|AC  0|TAMS 0x000000070ae00000, 0x000000070ae00000|
| 175|0x000000070af00000, 0x000000070b000000, 0x000000070b000000|100%| E|CS|TS 35|AC  0|TAMS 0x000000070af00000, 0x000000070af00000|
| 176|0x000000070b000000, 0x000000070b100000, 0x000000070b100000|100%| E|CS|TS 35|AC  0|TAMS 0x000000070b000000, 0x000000070b000000|
| 177|0x000000070b100000, 0x000000070b200000, 0x000000070b200000|100%| E|CS|TS 35|AC  0|TAMS 0x000000070b100000, 0x000000070b100000|
| 178|0x000000070b200000, 0x000000070b300000, 0x000000070b300000|100%| E|CS|TS 35|AC  0|TAMS 0x000000070b200000, 0x000000070b200000|
| 179|0x000000070b300000, 0x000000070b400000, 0x000000070b400000|100%| E|CS|TS 35|AC  0|TAMS 0x000000070b300000, 0x000000070b300000|
| 180|0x000000070b400000, 0x000000070b500000, 0x000000070b500000|100%| E|CS|TS 35|AC  0|TAMS 0x000000070b400000, 0x000000070b400000|
| 181|0x000000070b500000, 0x000000070b600000, 0x000000070b600000|100%| E|CS|TS 35|AC  0|TAMS 0x000000070b500000, 0x000000070b500000|
| 182|0x000000070b600000, 0x000000070b700000, 0x000000070b700000|100%| E|CS|TS 35|AC  0|TAMS 0x000000070b600000, 0x000000070b600000|
| 183|0x000000070b700000, 0x000000070b800000, 0x000000070b800000|100%| E|CS|TS 35|AC  0|TAMS 0x000000070b700000, 0x000000070b700000|
| 184|0x000000070b800000, 0x000000070b900000, 0x000000070b900000|100%| E|CS|TS 35|AC  0|TAMS 0x000000070b800000, 0x000000070b800000|

Card table byte_map: [0x000001ec7d6b0000,0x000001ec7dcb0000] byte_map_base: 0x000001ec79eb0000

Marking Bits (Prev, Next): (CMBitMap*) 0x000001ec7401c120, (CMBitMap*) 0x000001ec7401c158
 Prev Bits: [0x000001ec0f000000, 0x000001ec12000000)
 Next Bits: [0x000001ec12000000, 0x000001ec15000000)

Polling page: 0x000001ec6bb10000

CodeHeap 'non-profiled nmethods': size=120000Kb used=26921Kb max_used=26921Kb free=93078Kb
 bounds [0x000001ec07ad0000, 0x000001ec09520000, 0x000001ec0f000000]
CodeHeap 'profiled nmethods': size=120000Kb used=46730Kb max_used=47830Kb free=73269Kb
 bounds [0x000001ec005a0000, 0x000001ec03500000, 0x000001ec07ad0000]
CodeHeap 'non-nmethods': size=5760Kb used=1779Kb max_used=1828Kb free=3981Kb
 bounds [0x000001ec00000000, 0x000001ec00270000, 0x000001ec005a0000]
 total_blobs=37819 nmethods=19228 adapters=1106
 compilation: enabled

Compilation events (10 events):
Event: 5630.335 Thread 0x000001ec73c95800 25386       3       ui.views.p.f::G (14 bytes)
Event: 5630.336 Thread 0x000001ec73c95800 nmethod 25386 0x000001ec00d44790 code [0x000001ec00d44960, 0x000001ec00d44de0]
Event: 5632.399 Thread 0x000001ec73c95000 25387       4       javax.swing.table.JTableHeader::getHeaderRect (162 bytes)
Event: 5632.406 Thread 0x000001ec73c95000 nmethod 25387 0x000001ec0951db90 code [0x000001ec0951dd60, 0x000001ec0951e758]
Event: 5632.418 Thread 0x000001ec73c95800 25388  s    3       ui.views.p.c::ol (10 bytes)
Event: 5632.418 Thread 0x000001ec73c95800 nmethod 25388 0x000001ec00c8e190 code [0x000001ec00c8e340, 0x000001ec00c8e650]
Event: 5632.816 Thread 0x000001ec73c97000 25389       4       java.util.logging.Logger::fine (9 bytes)
Event: 5632.817 Thread 0x000001ec73c97000 nmethod 25389 0x000001ec0951ed10 code [0x000001ec0951eea0, 0x000001ec0951ef38]
Event: 5634.657 Thread 0x000001ec739c3000 25390       4       javax.swing.border.EmptyBorder::<init> (37 bytes)
Event: 5634.657 Thread 0x000001ec739c3000 nmethod 25390 0x000001ec0951f010 code [0x000001ec0951f1a0, 0x000001ec0951f238]

GC Heap History (10 events):
Event: 5602.542 GC heap before
{Heap before GC invocations=746 (full 78):
 garbage-first heap   total 189440K, used 131421K [0x0000000700000000, 0x00000007001005c8, 0x00000007c0000000)
  region size 1024K, 60 young (61440K), 1 survivors (1024K)
 Metaspace       used 83301K, capacity 85500K, committed 93184K, reserved 1130496K
  class space    used 11040K, capacity 11480K, committed 13056K, reserved 1048576K
}
Event: 5602.546 GC heap after
{Heap after GC invocations=747 (full 78):
 garbage-first heap   total 189440K, used 71130K [0x0000000700000000, 0x00000007001005c8, 0x00000007c0000000)
  region size 1024K, 1 young (1024K), 1 survivors (1024K)
 Metaspace       used 83301K, capacity 85500K, committed 93184K, reserved 1130496K
  class space    used 11040K, capacity 11480K, committed 13056K, reserved 1048576K
}
Event: 5630.339 GC heap before
{Heap before GC invocations=747 (full 78):
 garbage-first heap   total 189440K, used 131546K [0x0000000700000000, 0x00000007001005c8, 0x00000007c0000000)
  region size 1024K, 60 young (61440K), 1 survivors (1024K)
 Metaspace       used 83314K, capacity 85500K, committed 93184K, reserved 1130496K
  class space    used 11040K, capacity 11480K, committed 13056K, reserved 1048576K
}
Event: 5630.343 GC heap after
{Heap after GC invocations=748 (full 78):
 garbage-first heap   total 189440K, used 71531K [0x0000000700000000, 0x00000007001005c8, 0x00000007c0000000)
  region size 1024K, 2 young (2048K), 2 survivors (2048K)
 Metaspace       used 83314K, capacity 85500K, committed 93184K, reserved 1130496K
  class space    used 11040K, capacity 11480K, committed 13056K, reserved 1048576K
}
Event: 5630.486 GC heap before
{Heap before GC invocations=748 (full 78):
 garbage-first heap   total 189440K, used 130923K [0x0000000700000000, 0x00000007001005c8, 0x00000007c0000000)
  region size 1024K, 60 young (61440K), 2 survivors (2048K)
 Metaspace       used 83314K, capacity 85500K, committed 93184K, reserved 1130496K
  class space    used 11040K, capacity 11480K, committed 13056K, reserved 1048576K
}
Event: 5630.488 GC heap after
{Heap after GC invocations=749 (full 78):
 garbage-first heap   total 189440K, used 71107K [0x0000000700000000, 0x00000007001005c8, 0x00000007c0000000)
  region size 1024K, 1 young (1024K), 1 survivors (1024K)
 Metaspace       used 83314K, capacity 85500K, committed 93184K, reserved 1130496K
  class space    used 11040K, capacity 11480K, committed 13056K, reserved 1048576K
}
Event: 5632.442 GC heap before
{Heap before GC invocations=749 (full 78):
 garbage-first heap   total 189440K, used 131523K [0x0000000700000000, 0x00000007001005c8, 0x00000007c0000000)
  region size 1024K, 60 young (61440K), 1 survivors (1024K)
 Metaspace       used 83314K, capacity 85500K, committed 93184K, reserved 1130496K
  class space    used 11040K, capacity 11480K, committed 13056K, reserved 1048576K
}
Event: 5632.444 GC heap after
{Heap after GC invocations=750 (full 78):
 garbage-first heap   total 189440K, used 71165K [0x0000000700000000, 0x00000007001005c8, 0x00000007c0000000)
  region size 1024K, 1 young (1024K), 1 survivors (1024K)
 Metaspace       used 83314K, capacity 85500K, committed 93184K, reserved 1130496K
  class space    used 11040K, capacity 11480K, committed 13056K, reserved 1048576K
}
Event: 5632.843 GC heap before
{Heap before GC invocations=750 (full 78):
 garbage-first heap   total 189440K, used 131581K [0x0000000700000000, 0x00000007001005c8, 0x00000007c0000000)
  region size 1024K, 60 young (61440K), 1 survivors (1024K)
 Metaspace       used 83314K, capacity 85500K, committed 93184K, reserved 1130496K
  class space    used 11040K, capacity 11480K, committed 13056K, reserved 1048576K
}
Event: 5632.846 GC heap after
{Heap after GC invocations=751 (full 78):
 garbage-first heap   total 189440K, used 71241K [0x0000000700000000, 0x00000007001005c8, 0x00000007c0000000)
  region size 1024K, 1 young (1024K), 1 survivors (1024K)
 Metaspace       used 83314K, capacity 85500K, committed 93184K, reserved 1130496K
  class space    used 11040K, capacity 11480K, committed 13056K, reserved 1048576K
}

Deoptimization events (10 events):
Event: 5433.111 Thread 0x000001ec17c0e000 Uncommon trap: reason=unstable_if action=reinterpret pc=0x000001ec080275a8 method=javax.swing.tree.DefaultTreeCellRenderer.getFont()Ljava/awt/Font; @ 13 c2
Event: 5433.111 Thread 0x000001ec17c0e000 Uncommon trap: reason=speculate_class_check action=maybe_recompile pc=0x000001ec089dbb28 method=javax.swing.tree.DefaultTreeCellRenderer.getTreeCellRendererComponent(Ljavax/swing/JTree;Ljava/lang/Object;ZZZIZ)Ljava/awt/Component; @ 147 c2
Event: 5433.111 Thread 0x000001ec17c0e000 Uncommon trap: reason=unstable_if action=reinterpret pc=0x000001ec08351b90 method=ui.views.waveform.f.l.getNodeDimensions(Ljava/lang/Object;IIZLjava/awt/Rectangle;)Ljava/awt/Rectangle; @ 23 c2
Event: 5433.111 Thread 0x000001ec17c0e000 Uncommon trap: reason=unstable_if action=reinterpret pc=0x000001ec094ba578 method=javax.swing.tree.VariableHeightLayoutCache.rebuild(Z)V @ 79 c2
Event: 5433.111 Thread 0x000001ec17c0e000 Uncommon trap: reason=speculate_class_check action=maybe_recompile pc=0x000001ec089dbb28 method=javax.swing.tree.DefaultTreeCellRenderer.getTreeCellRendererComponent(Ljavax/swing/JTree;Ljava/lang/Object;ZZZIZ)Ljava/awt/Component; @ 147 c2
Event: 5433.231 Thread 0x000001ec17c0e000 Uncommon trap: reason=bimorphic_or_optimized_type_check action=maybe_recompile pc=0x000001ec09144c3c method=com.jidesoft.plaf.basic.BasicJideTabbedPaneUI.updateCloseButtons()V @ 110 c2
Event: 5438.627 Thread 0x000001ec17c0e000 Uncommon trap: reason=unstable_if action=reinterpret pc=0x000001ec08ca45d4 method=ui.utils.lnf.HSyntheticaJideTabbedPaneUI.getContentBorderInsets(I)Ljava/awt/Insets; @ 87 c2
Event: 5438.627 Thread 0x000001ec17c0e000 Uncommon trap: reason=unstable_if action=reinterpret pc=0x000001ec09252584 method=com.jidesoft.plaf.basic.BasicJideTabbedPaneUI.getTextViewForTab(I)Ljavax/swing/text/View; @ 4 c2
Event: 5438.627 Thread 0x000001ec17c0e000 Uncommon trap: reason=unstable_if action=reinterpret pc=0x000001ec08eed658 method=com.jidesoft.plaf.basic.BasicJideTabbedPaneUI.getTextViewForTab(I)Ljavax/swing/text/View; @ 4 c2
Event: 5438.630 Thread 0x000001ec17c0e000 Uncommon trap: reason=unstable_if action=reinterpret pc=0x000001ec08754ff0 method=java.util.TimSort.mergeHi(IIII)V @ 131 c2

Classes redefined (0 events):
No events

Internal exceptions (10 events):
Event: 3664.505 Thread 0x000001ec1c25f800 Exception <a 'ui/frmwork/CommandFailedException'{0x000000070ab23c50}> (0x000000070ab23c50) thrown at [t:/workspace/hotspot/src/share/vm/prims/jni.cpp, line 604]
Event: 3951.709 Thread 0x000001ec17c0e000 Implicit null exception at 0x000001ec07c6f2cc to 0x000001ec07c6fbd5
Event: 3951.710 Thread 0x000001ec17c0e000 Implicit null exception at 0x000001ec0829675f to 0x000001ec0829714d
Event: 4089.623 Thread 0x000001ec1c262800 Exception <a 'ui/frmwork/CommandFailedException'{0x000000070b711408}> (0x000000070b711408) thrown at [t:/workspace/hotspot/src/share/vm/prims/jni.cpp, line 604]
Event: 4230.592 Thread 0x000001ec1c260800 Exception <a 'ui/frmwork/CommandFailedException'{0x000000070b7862a8}> (0x000000070b7862a8) thrown at [t:/workspace/hotspot/src/share/vm/prims/jni.cpp, line 604]
Event: 4565.507 Thread 0x000001ec1c262800 Exception <a 'ui/frmwork/CommandFailedException'{0x000000070b7b79c0}> (0x000000070b7b79c0) thrown at [t:/workspace/hotspot/src/share/vm/prims/jni.cpp, line 604]
Event: 4701.657 Thread 0x000001ec1c260800 Exception <a 'ui/frmwork/CommandFailedException'{0x0000000709cbebb8}> (0x0000000709cbebb8) thrown at [t:/workspace/hotspot/src/share/vm/prims/jni.cpp, line 604]
Event: 5291.848 Thread 0x000001ec1c262800 Exception <a 'ui/frmwork/CommandFailedException'{0x000000070b187c58}> (0x000000070b187c58) thrown at [t:/workspace/hotspot/src/share/vm/prims/jni.cpp, line 604]
Event: 5433.111 Thread 0x000001ec17c0e000 Implicit null exception at 0x000001ec0802750c to 0x000001ec0802759b
Event: 5433.111 Thread 0x000001ec17c0e000 Implicit null exception at 0x000001ec083513cc to 0x000001ec08351b79

Events (10 events):
Event: 5634.537 Thread 0x000001ec1c260800 Thread exited: 0x000001ec1c260800
Event: 5635.328 Thread 0x000001ec1c260800 Thread added: 0x000001ec1c260800
Event: 5635.331 Executing VM operation: RevokeBias
Event: 5635.331 Executing VM operation: RevokeBias done
Event: 5635.332 Executing VM operation: RevokeBias
Event: 5635.332 Executing VM operation: RevokeBias done
Event: 5635.360 Thread 0x000001ec1c264800 Thread added: 0x000001ec1c264800
Event: 5635.361 Thread 0x000001ec1c264800 Thread exited: 0x000001ec1c264800
Event: 5636.334 Thread 0x000001ec1c261000 Thread added: 0x000001ec1c261000
Event: 5636.335 Thread 0x000001ec1c261000 Thread exited: 0x000001ec1c261000


Dynamic libraries:
0x00007ff66ca90000 - 0x00007ff66cac0000 	C:\Xilinx\Vivado\2018.3\bin\unwrapped\win64.o\vivado.exe
0x00007fff66b70000 - 0x00007fff66d65000 	C:\Windows\SYSTEM32\ntdll.dll
0x00007fff66210000 - 0x00007fff662cd000 	C:\Windows\System32\KERNEL32.DLL
0x00007fff64440000 - 0x00007fff64708000 	C:\Windows\System32\KERNELBASE.dll
0x00007fff648d0000 - 0x00007fff649d0000 	C:\Windows\System32\ucrtbase.dll
0x00007fff5dca0000 - 0x00007fff5dcb4000 	C:\Xilinx\Vivado\2018.3\lib\win64.o\libboost_signals.dll
0x00007fff378c0000 - 0x00007fff37951000 	C:\Windows\SYSTEM32\MSVCP140.dll
0x00007fff4d9f0000 - 0x00007fff4da04000 	C:\Xilinx\Vivado\2018.3\lib\win64.o\librdi_commonmain.dll
0x00007fff0b980000 - 0x00007fff0c814000 	C:\Xilinx\Vivado\2018.3\lib\win64.o\librdi_common.dll
0x00007fff662d0000 - 0x00007fff66470000 	C:\Windows\System32\USER32.dll
0x00007fff64790000 - 0x00007fff647b2000 	C:\Windows\System32\win32u.dll
0x00007fff651d0000 - 0x00007fff651fa000 	C:\Windows\System32\GDI32.dll
0x00007fff647c0000 - 0x00007fff648cb000 	C:\Windows\System32\gdi32full.dll
0x00007fff64b30000 - 0x00007fff64bcd000 	C:\Windows\System32\msvcp_win.dll
0x00007fff65560000 - 0x00007fff6560c000 	C:\Windows\System32\ADVAPI32.dll
0x00007fff65450000 - 0x00007fff654ee000 	C:\Windows\System32\msvcrt.dll
0x00007fff64c30000 - 0x00007fff64ccb000 	C:\Windows\System32\sechost.dll
0x00007fff65680000 - 0x00007fff657ab000 	C:\Windows\System32\RPCRT4.dll
0x00007fff37960000 - 0x00007fff37979000 	C:\Windows\SYSTEM32\VCRUNTIME140.dll
0x00007fff65ac0000 - 0x00007fff66202000 	C:\Windows\System32\SHELL32.dll
0x00007fff394a0000 - 0x00007fff394ac000 	C:\Windows\SYSTEM32\VCRUNTIME140_1.dll
0x00007fff4d9c0000 - 0x00007fff4d9e6000 	C:\Xilinx\Vivado\2018.3\lib\win64.o\libboost_filesystem.dll
0x00007fff5f410000 - 0x00007fff5f41a000 	C:\Xilinx\Vivado\2018.3\lib\win64.o\librdi_commonversion.dll
0x00007fff4d790000 - 0x00007fff4d8b1000 	C:\Xilinx\Vivado\2018.3\lib\win64.o\librdi_commonxillic.dll
0x000000005a1d0000 - 0x000000005a2fb000 	C:\Xilinx\Vivado\2018.3\lib\win64.o\tcl85t.dll
0x00007fff65610000 - 0x00007fff6567b000 	C:\Windows\System32\WS2_32.dll
0x00007fff1d9a0000 - 0x00007fff1dc55000 	C:\Xilinx\Vivado\2018.3\lib\win64.o\libXil_lmgr11.dll
0x00007fff1d520000 - 0x00007fff1d88e000 	C:\Xilinx\Vivado\2018.3\lib\win64.o\libCOIN-all.dll
0x00007fff669a0000 - 0x00007fff66a7a000 	C:\Windows\System32\COMDLG32.dll
0x00007fff64d60000 - 0x00007fff650b5000 	C:\Windows\System32\combase.dll
0x00007fff66a80000 - 0x00007fff66b2e000 	C:\Windows\System32\shcore.dll
0x00007fff65170000 - 0x00007fff651c5000 	C:\Windows\System32\SHLWAPI.dll
0x00007fff657c0000 - 0x00007fff6588d000 	C:\Windows\System32\OLEAUT32.dll
0x00007fff65320000 - 0x00007fff6544a000 	C:\Windows\System32\ole32.dll
0x00007fff642b0000 - 0x00007fff64310000 	C:\Windows\System32\WINTRUST.dll
0x00007fff4d910000 - 0x00007fff4d924000 	C:\Xilinx\Vivado\2018.3\lib\win64.o\libboost_date_time.dll
0x00007fff649d0000 - 0x00007fff64b2f000 	C:\Windows\System32\CRYPT32.dll
0x00007fff4c580000 - 0x00007fff4c5ff000 	C:\Xilinx\Vivado\2018.3\lib\win64.o\libboost_program_options.dll
0x00007fff4b9e0000 - 0x00007fff4baf4000 	C:\Xilinx\Vivado\2018.3\lib\win64.o\libboost_regex.dll
0x00007fff4d760000 - 0x00007fff4d781000 	C:\Xilinx\Vivado\2018.3\lib\win64.o\libboost_thread.dll
0x00007fff5dc90000 - 0x00007fff5dc9b000 	C:\Xilinx\Vivado\2018.3\lib\win64.o\libboost_system.dll
0x00007fff4e600000 - 0x00007fff4e60f000 	C:\Xilinx\Vivado\2018.3\lib\win64.o\libboost_xilinx.dll
0x00007fff4c4f0000 - 0x00007fff4c572000 	C:\Xilinx\Vivado\2018.3\lib\win64.o\libhdlpsolve.dll
0x00007fff0b130000 - 0x00007fff0b97e600 	C:\Xilinx\Vivado\2018.3\lib\win64.o\libisl_iostreams.dll
0x00007fff4c2b0000 - 0x00007fff4c355000 	C:\Xilinx\Vivado\2018.3\lib\win64.o\libhdxml.dll
0x00007fff4c380000 - 0x00007fff4c3e5000 	C:\Xilinx\Vivado\2018.3\lib\win64.o\liblmx6.0.dll
0x00007fff4c280000 - 0x00007fff4c2ae000 	C:\Xilinx\Vivado\2018.3\lib\win64.o\libisl_sysinfo.dll
0x00007fff4c0f0000 - 0x00007fff4c10a000 	C:\Xilinx\Vivado\2018.3\lib\win64.o\pthreadVC2.dll
0x00007fff4c0d0000 - 0x00007fff4c0ec000 	C:\Xilinx\Vivado\2018.3\lib\win64.o\librdiconfig.dll
0x00007fff44b60000 - 0x00007fff44b78000 	C:\Windows\SYSTEM32\NETAPI32.dll
0x00007fff44f40000 - 0x00007fff4541d000 	C:\Windows\SYSTEM32\WININET.dll
0x00007fff4c0a0000 - 0x00007fff4c0c1000 	C:\Xilinx\Vivado\2018.3\lib\win64.o\librdizlib.dll
0x00007fff5edf0000 - 0x00007fff5eefb000 	C:\Windows\SYSTEM32\WINHTTP.dll
0x00007fff4fa50000 - 0x00007fff4fc3e000 	C:\Windows\SYSTEM32\urlmon.dll
0x0000000012000000 - 0x0000000012272000 	C:\Xilinx\Vivado\2018.3\lib\win64.o\xerces-c_3_1.dll
0x00007fff4c640000 - 0x00007fff4c649000 	C:\Windows\SYSTEM32\WSOCK32.dll
0x00007fff46ab0000 - 0x00007fff46b60000 	C:\Windows\WinSxS\amd64_microsoft.windows.common-controls_6595b64144ccf1df_5.82.19041.844_none_423537bff6b9828c\COMCTL32.dll
0x00007fff57200000 - 0x00007fff5721d000 	C:\Windows\SYSTEM32\dhcpcsvc.DLL
0x00007fff0a290000 - 0x00007fff0b121000 	C:\Xilinx\Vivado\2018.3\lib\win64.o\gurobi65.dll
0x00007fff4c070000 - 0x00007fff4c098000 	C:\Windows\SYSTEM32\VCOMP140.DLL
0x00007fff4f7a0000 - 0x00007fff4fa50000 	C:\Windows\SYSTEM32\iertutil.dll
0x00007fff63890000 - 0x00007fff6389c000 	C:\Windows\SYSTEM32\NETUTILS.DLL
0x00007fff4d750000 - 0x00007fff4d75d000 	C:\Xilinx\Vivado\2018.3\lib\win64.o\libboost_chrono.dll
0x00007fff4c040000 - 0x00007fff4c065000 	C:\Xilinx\Vivado\2018.3\lib\win64.o\libisl_iosutils.dll
0x00007fff4c020000 - 0x00007fff4c03b000 	C:\Xilinx\Vivado\2018.3\lib\win64.o\libboost_iostreams.dll
0x00007fff64d30000 - 0x00007fff64d60000 	C:\Windows\System32\IMM32.DLL
0x00007fff63ea0000 - 0x00007fff63eb2000 	C:\Windows\SYSTEM32\MSASN1.dll
0x00007fff62b80000 - 0x00007fff62b92000 	C:\Windows\SYSTEM32\kernel.appcore.dll
0x00007fff0e3d0000 - 0x00007fff0e8c5000 	C:\Xilinx\Vivado\2018.3\lib\win64.o\librdi_commontasks.dll
0x00007fff5d440000 - 0x00007fff5d44a000 	C:\Windows\SYSTEM32\VERSION.dll
0x00007fff1b3a0000 - 0x00007fff1b61f000 	C:\Xilinx\Vivado\2018.3\lib\win64.o\librdi_sio.dll
0x00000000597a0000 - 0x000000005a1c5000 	C:\Xilinx\Vivado\2018.3\tps\win64\jre9.0.4\bin\server\jvm.dll
0x00007fff668e0000 - 0x00007fff668e8000 	C:\Windows\System32\PSAPI.DLL
0x00007fff63730000 - 0x00007fff6376b000 	C:\Windows\SYSTEM32\IPHLPAPI.DLL
0x00007fff62140000 - 0x00007fff62167000 	C:\Windows\SYSTEM32\WINMM.dll
0x00007fff63a90000 - 0x00007fff63afa000 	C:\Windows\SYSTEM32\MSWSOCK.DLL
0x00007fff4b060000 - 0x00007fff4b14f000 	C:\Xilinx\Vivado\2018.3\tps\win64\jre9.0.4\bin\MSVCR120.dll
0x00007fff623d0000 - 0x00007fff62b61000 	C:\Windows\SYSTEM32\windows.storage.dll
0x00007fff63d20000 - 0x00007fff63d4c000 	C:\Windows\SYSTEM32\Wldp.dll
0x00007ffee87c0000 - 0x00007ffeeab82000 	C:\Xilinx\Vivado\2018.3\lib\win64.o\librdi_tcltasks.dll
0x00007fff1e4b0000 - 0x00007fff1e62e000 	C:\Xilinx\Vivado\2018.3\lib\win64.o\librdi_board.dll
0x00007fff4af80000 - 0x00007fff4b05c000 	C:\Xilinx\Vivado\2018.3\lib\win64.o\librdi_chipscope.dll
0x00007fff4bd00000 - 0x00007fff4bd6a000 	C:\Xilinx\Vivado\2018.3\lib\win64.o\librdi_boarddep.dll
0x00007fff0f1b0000 - 0x00007fff0f58c000 	C:\Xilinx\Vivado\2018.3\lib\win64.o\librdi_bitstream.dll
0x00007fff0eb20000 - 0x00007fff0ecd9000 	C:\Xilinx\Vivado\2018.3\lib\win64.o\librdi_chipscopeimpl.dll
0x00007ffedf710000 - 0x00007ffee1015000 	C:\Xilinx\Vivado\2018.3\lib\win64.o\librdi_constraints.dll
0x00007fff4a6a0000 - 0x00007fff4a7e8000 	C:\Xilinx\Vivado\2018.3\lib\win64.o\librdi_containers.dll
0x00007ffed5a80000 - 0x00007ffed789f000 	C:\Xilinx\Vivado\2018.3\lib\win64.o\librdi_coregen.dll
0x00007ffed1c80000 - 0x00007ffed5a7b000 	C:\Xilinx\Vivado\2018.3\lib\win64.o\librdi_designutils.dll
0x00007fff09bb0000 - 0x00007fff0a28a000 	C:\Xilinx\Vivado\2018.3\lib\win64.o\librdi_coregenipxact.dll
0x00007fff0d8a0000 - 0x00007fff0dbbb000 	C:\Xilinx\Vivado\2018.3\lib\win64.o\librdi_dlyest.dll
0x00007fff4aa00000 - 0x00007fff4aac2000 	C:\Xilinx\Vivado\2018.3\lib\win64.o\librdi_dsp.dll
0x00007fff09650000 - 0x00007fff09bb0000 	C:\Xilinx\Vivado\2018.3\lib\win64.o\librdi_drc.dll
0x00007ffefc540000 - 0x00007ffefcb7f000 	C:\Xilinx\Vivado\2018.3\lib\win64.o\librdi_filemgmt.dll
0x00007ffebaeb0000 - 0x00007ffecbc02000 	C:\Xilinx\Vivado\2018.3\lib\win64.o\librdi_device.dll
0x00007fff09370000 - 0x00007fff0964a000 	C:\Xilinx\Vivado\2018.3\lib\win64.o\librdi_guitools.dll
0x00007fff4b980000 - 0x00007fff4b9dd000 	C:\Xilinx\Vivado\2018.3\lib\win64.o\librdi_hdf.dll
0x00007ffedf0f0000 - 0x00007ffedf705000 	C:\Xilinx\Vivado\2018.3\lib\win64.o\librdi_memdata.dll
0x00007ffedca60000 - 0x00007ffedddf1000 	C:\Xilinx\Vivado\2018.3\lib\win64.o\librdi_implflow.dll
0x00007fff4a5c0000 - 0x00007fff4a631000 	C:\Xilinx\Vivado\2018.3\lib\win64.o\librdi_memoryarray.dll
0x00007ffeb7500000 - 0x00007ffebaeac000 	C:\Xilinx\Vivado\2018.3\lib\win64.o\librdi_mig.dll
0x00007ffedeab0000 - 0x00007ffedf0eb000 	C:\Xilinx\Vivado\2018.3\lib\win64.o\librdi_netlist.dll
0x00007fff4b930000 - 0x00007fff4b980000 	C:\Xilinx\Vivado\2018.3\lib\win64.o\librdi_pfi.dll
0x00007ffeb4fe0000 - 0x00007ffeb74f4000 	C:\Xilinx\Vivado\2018.3\lib\win64.o\librdi_place.dll
0x00007ffefe300000 - 0x00007ffefe607000 	C:\Xilinx\Vivado\2018.3\lib\win64.o\librdi_platform.dll
0x00007ffedc360000 - 0x00007ffedca53000 	C:\Xilinx\Vivado\2018.3\lib\win64.o\librdi_psta.dll
0x00007ffed1580000 - 0x00007ffed1c75000 	C:\Xilinx\Vivado\2018.3\lib\win64.o\librdi_power.dll
0x00007ffee63e0000 - 0x00007ffee6936000 	C:\Xilinx\Vivado\2018.3\lib\win64.o\librdi_project.dll
0x00007ffed0ea0000 - 0x00007ffed1579000 	C:\Xilinx\Vivado\2018.3\lib\win64.o\librdi_rsb.dll
0x00007fff38320000 - 0x00007fff383f8000 	C:\Xilinx\Vivado\2018.3\lib\win64.o\librdi_runsbase.dll
0x00007ffed0ac0000 - 0x00007ffed0e97000 	C:\Xilinx\Vivado\2018.3\lib\win64.o\librdi_runs.dll
0x00007ffeff190000 - 0x00007ffeff3b8000 	C:\Xilinx\Vivado\2018.3\lib\win64.o\librdi_simdata.dll
0x00007ffeb4250000 - 0x00007ffeb4fdd000 	C:\Xilinx\Vivado\2018.3\lib\win64.o\librdi_timing.dll
0x00007fff19080000 - 0x00007fff191d4000 	C:\Xilinx\Vivado\2018.3\lib\win64.o\librdi_advchipscopeimpl.dll
0x00007fff331d0000 - 0x00007fff33288000 	C:\Xilinx\Vivado\2018.3\lib\win64.o\librdi_hip_devdesign.dll
0x00007fff222c0000 - 0x00007fff2236b000 	C:\Xilinx\Vivado\2018.3\lib\win64.o\librdi_ipconfig_readwrite.dll
0x00007fff4a9b0000 - 0x00007fff4a9fc000 	C:\Xilinx\Vivado\2018.3\lib\win64.o\libboost_serialization.dll
0x00007fff4bb50000 - 0x00007fff4bb88000 	C:\Xilinx\Vivado\2018.3\lib\win64.o\librdi_noc_frameworks.dll
0x00007ffeb3700000 - 0x00007ffeb4247000 	C:\Xilinx\Vivado\2018.3\lib\win64.o\libverific.dll
0x00007ffeb3340000 - 0x00007ffeb36f5000 	C:\Xilinx\Vivado\2018.3\lib\win64.o\librdi_hip_config.dll
0x00007fff368d0000 - 0x00007fff3696e000 	C:\Xilinx\Vivado\2018.3\lib\win64.o\libise.dll
0x00007ffeb2df0000 - 0x00007ffeb333e000 	C:\Xilinx\Vivado\2018.3\lib\win64.o\librdi_xdm.dll
0x00007ffeb2800000 - 0x00007ffeb2de4000 	C:\Xilinx\Vivado\2018.3\lib\win64.o\librdi_wavedata.dll
0x00007fff499a0000 - 0x00007fff499e9000 	C:\Xilinx\Vivado\2018.3\lib\win64.o\librdi_wavedata_SimpleApi.dll
0x00007fff382b0000 - 0x00007fff38313000 	C:\Xilinx\Vivado\2018.3\lib\win64.o\librdi_hip_mathengine.dll
0x00007fff1e910000 - 0x00007fff1e998000 	C:\Xilinx\Vivado\2018.3\lib\win64.o\librdi_meir_core.dll
0x00007ffefd490000 - 0x00007ffefd6e0000 	C:\Xilinx\Vivado\2018.3\lib\win64.o\librdi_hsm.dll
0x00007ffeaf8a0000 - 0x00007ffeb08a2000 	C:\Xilinx\Vivado\2018.3\lib\win64.o\librdi_route.dll

VM Arguments:
jvm_args: -Dsun.java2d.pmoffscreen=false -Dsun.java2d.xrender=false -Dsun.java2d.d3d=false -Dsun.awt.nopixfmt=true -Dsun.java2d.dpiaware=true -Dsun.java2d.uiScale.enabled=false -Xverify:none -Dswing.aatext=true -XX:-UsePerfData -Djdk.map.althashing.threshold=512 -XX:StringTableSize=4072 --add-opens=java.base/java.nio=ALL-UNNAMED --add-opens=java.desktop/sun.swing=ALL-UNNAMED --add-opens=java.desktop/javax.swing=ALL-UNNAMED --add-opens=java.desktop/javax.swing.tree=ALL-UNNAMED --add-opens=java.desktop/javax.swing.plaf.basic=ALL-UNNAMED --add-opens=java.desktop/javax.swing.plaf.synth=ALL-UNNAMED --add-opens=java.desktop/com.sun.awt=ALL-UNNAMED -XX:NewSize=60m -XX:MaxNewSize=60m -Xms128m -Xmx3072m -Xss5m 
java_command: <unknown>
java_class_path (initial): C:/Xilinx/Vivado/2018.3\lib\classes\alloy.jar;C:/Xilinx/Vivado/2018.3\lib\classes\autopilot.scelaborator.jar;C:/Xilinx/Vivado/2018.3\lib\classes\autopilot.sourceprocessor.jar;C:/Xilinx/Vivado/2018.3\lib\classes\autopilot.tbprocessor.jar;C:/Xilinx/Vivado/2018.3\lib\classes\batik-anim.jar;C:/Xilinx/Vivado/2018.3\lib\classes\batik-awt-util.jar;C:/Xilinx/Vivado/2018.3\lib\classes\batik-bridge.jar;C:/Xilinx/Vivado/2018.3\lib\classes\batik-codec.jar;C:/Xilinx/Vivado/2018.3\lib\classes\batik-css.jar;C:/Xilinx/Vivado/2018.3\lib\classes\batik-dom.jar;C:/Xilinx/Vivado/2018.3\lib\classes\batik-ext.jar;C:/Xilinx/Vivado/2018.3\lib\classes\batik-gui-util.jar;C:/Xilinx/Vivado/2018.3\lib\classes\batik-gvt.jar;C:/Xilinx/Vivado/2018.3\lib\classes\batik-parser.jar;C:/Xilinx/Vivado/2018.3\lib\classes\batik-script.jar;C:/Xilinx/Vivado/2018.3\lib\classes\batik-svg-dom.jar;C:/Xilinx/Vivado/2018.3\lib\classes\batik-swing.jar;C:/Xilinx/Vivado/2018.3\lib\classes\batik-transcoder.jar;C:/Xilinx/Vivado/2018.3\lib\classes\batik-util.jar;C:/Xilinx/Vivado/2018.3\lib\classes\batik-xml.jar;C:/Xilinx/Vivado/2018.3\lib\classes\com.ibm.icu_4.4.2.v20110208.jar;C:/Xilinx/Vivado/2018.3\lib\classes\commons-collections4-4.1.jar;C:/Xilinx/Vivado/2018.3\lib\classes\commons-math-2.2.jar;C:/Xilinx/Vivado/2018.3\lib\classes\dom4j-1.6.1.jar;C:/Xilinx/Vivado/2018.3\lib\classes\guava-18.0.jar;C:/Xilinx/Vivado/2018.3\lib\classes\help.jar;C:/Xilinx/Vivado/2018.3\lib\classes\hsqldb.jar;C:/Xilinx/Vivado/2018.3\lib\classes\jargs.jar;C:/Xilinx/Vivado/2018.3\lib\classes\jaxb-api-2.3.0.jar;C:/Xilinx/Vivado/2018.3\lib\classes\jh.jar;C:/Xilinx/Vivado/2018.3\lib\classes\jide-action.jar;C:/Xilinx/Vivado/2018.3\lib\classes\jide-charts.jar;C:/Xilinx/Vivado/2018.3\lib\classes\jide-common.jar;C:/Xilinx/Vivado/2018.3\lib\classes\jide-components.jar;C:/Xilinx/Vivado/2018.3\lib\classes\jide-dashboard.jar;C:/Xilinx/Vivado/2018.3\lib\classes\jide-data.jar;C:/Xilinx/Vivado/2018.3\lib\classes\jide-dialogs.jar
Launcher Type: generic

Logging:
Log output configuration:
#0: stdout all=warning uptime,level,tags
#1: stderr all=off uptime,level,tags

Environment Variables:
PATH=C:/Xilinx/Vivado/2018.3/bin;C:/Xilinx/Vivado/2018.3/lib/win64.o;C:/Xilinx/Vivado/2018.3/tps/win64/jre9.0.4/bin/server;C:/Xilinx/Vivado/2018.3/tps/win64/jre9.0.4/bin;C:/Xilinx/SDK/2018.3/bin;C:/Xilinx/Vivado/2018.3/ids_lite/ISE/bin/nt64;C:/Xilinx/Vivado/2018.3/ids_lite/ISE/lib/nt64;C:\Windows\system32;C:\Windows;C:\Windows\System32\Wbem;C:\Windows\System32\WindowsPowerShell\v1.0\;C:\Windows\System32\OpenSSH\;C:\Program Files\NVIDIA Corporation\NVIDIA NvDLISR;C:\Program Files\MATLAB\R2018a\runtime\win64;C:\Program Files\MATLAB\R2018a\bin;C:\Program Files\mingw-w64\x86_64-8.1.0-posix-seh-rt_v6-rev0\mingw64\bin;C:\Users\prana\AppData\Local\Programs\Python\Python38\Scripts\;C:\Users\prana\AppData\Local\Programs\Python\Python38\;C:\Program Files (x86)\OrCad\tools\pcb\bin;C:\Program Files (x86)\OrCad\tools\fet\bin;C:\Program Files (x86)\OrCad\OpenAccess\bin\win32\opt;C:\Program Files (x86)\OrCad\tools\bin;C:\Program Files (x86)\OrCad\tools\Capture;C:\Program Files (x86)\OrCad\tools\PSpice;C:\Users\prana\AppData\Local\Microsoft\WindowsApps;C:\Users\prana\AppData\Local\GitHubDesktop\bin;C:\Users\prana\AppData\Local\Programs\Microsoft VS Code\bin;C:/Xilinx/Vivado/2018.3\tps\mingw\6.2.0\win64.o\nt\bin;C:/Xilinx/Vivado/2018.3\tps\mingw\6.2.0\win64.o\nt\libexec\gcc\x86_64-w64-mingw32\6.2.0
USERNAME=prana
OS=Windows_NT
PROCESSOR_IDENTIFIER=Intel64 Family 6 Model 140 Stepping 1, GenuineIntel



---------------  S Y S T E M  ---------------

OS: Windows 10 , 64 bit Build 19041 (10.0.19041.928)

CPU:total 8 (initial active 8) (4 cores per cpu, 2 threads per core) family 6 model 140 stepping 1, cmov, cx8, fxsr, mmx, sse, sse2, sse3, ssse3, sse4.1, sse4.2, popcnt, avx, avx2, aes, clmul, erms, 3dnowpref, lzcnt, ht, tsc, tscinvbit, bmi1, bmi2, adx, sha, fma

Memory: 4k page, physical 8104744k(1277124k free), swap 14506840k(2785892k free)

vm_info: Java HotSpot(TM) 64-Bit Server VM (9.0.4+11) for windows-amd64 JRE (9.0.4+11), built on Dec 20 2017 02:18:54 by "mach5one" with MS VC++ 12.0 (VS2013)

END.
