Vivado Simulator 2018.3
Time resolution is 1 ps
00000000
00000000
00000000
00000011
01100000
00000000
00000000
00010001
00000000
00000000
00010010
00000011
00000000
00000000
00001001
00000011
00000000
00001000
00100010
00000000
00000000
00000000
01000000
00001000
00000000
00000000
00010000
00010011
xxxxxxxx
xxxxxxxx
xxxxxxxx
xxxxxxxx
xxxxxxxx
$finish called at time : 0 fs : File "C:/Users/prana/OneDrive/Documents/GitHub/AES128_Verilog/complete_verilog/complete_verilog.srcs/sim_1/new/t_mem.v" Line 42
